[DEBUG] Sat_May__2_21:14:54_2015 Proceso-1377: Inicio de ConcuDelivery.
[DEBUG] Sat_May__2_21:14:54_2015 Proceso-1377: Recepcionistas: 10
[DEBUG] Sat_May__2_21:14:54_2015 Proceso-1377: Cocineras: 3
[DEBUG] Sat_May__2_21:14:54_2015 Proceso-1377: Hornos: 6
[DEBUG] Sat_May__2_21:14:54_2015 Proceso-1377: Cadetas: 2
[DEBUG] Sat_May__2_21:14:54_2015 Proceso-1377: Pedidos a simular: 1024
[DEBUG] Sat_May__2_21:14:54_2015 Proceso-1377: Creando proceso: Recepcionista[INICIALIZADO]
[DEBUG] Sat_May__2_21:14:54_2015 Proceso-1377: Creando proceso: Recepcionista[INICIALIZADO]
[DEBUG] Sat_May__2_21:14:54_2015 Proceso-1377: Creando proceso: Recepcionista[INICIALIZADO]
[DEBUG] Sat_May__2_21:14:54_2015 Proceso-1377: Creando proceso: Recepcionista[INICIALIZADO]
[DEBUG] Sat_May__2_21:14:54_2015 Proceso-1377: Creando proceso: Recepcionista[INICIALIZADO]
[DEBUG] Sat_May__2_21:14:54_2015 Proceso-1377: Creando proceso: Recepcionista[INICIALIZADO]
[DEBUG] Sat_May__2_21:14:54_2015 Proceso-1377: Creando proceso: Recepcionista[INICIALIZADO]
[DEBUG] Sat_May__2_21:14:54_2015 Proceso-1377: Creando proceso: Recepcionista[INICIALIZADO]
[DEBUG] Sat_May__2_21:14:54_2015 Proceso-1377: Creando proceso: Recepcionista[INICIALIZADO]
[DEBUG] Sat_May__2_21:14:54_2015 Proceso-1377: Creando proceso: Recepcionista[INICIALIZADO]
[DEBUG] Sat_May__2_21:14:54_2015 Proceso-1377: Creando proceso: Cocinera[INICIALIZADO]
[DEBUG] Sat_May__2_21:14:54_2015 Proceso-1377: Creando proceso: Cocinera[INICIALIZADO]
[DEBUG] Sat_May__2_21:14:54_2015 Proceso-1377: Creando proceso: Cocinera[INICIALIZADO]
[DEBUG] Sat_May__2_21:14:54_2015 Proceso-1377: PCreando proceso: Cadete[INICIALIZADO]
[DEBUG] Sat_May__2_21:14:54_2015 Proceso-1377: PCreando proceso: Cadete[INICIALIZADO]
