[DEBUG] Sat_May__2_22:18:07_2015 Proceso-1589: Inicio de ConcuDelivery.
[DEBUG] Sat_May__2_22:18:07_2015 Proceso-1589: Recepcionistas: 10
[DEBUG] Sat_May__2_22:18:07_2015 Proceso-1589: Cocineras: 3
[DEBUG] Sat_May__2_22:18:07_2015 Proceso-1589: Hornos: 6
[DEBUG] Sat_May__2_22:18:07_2015 Proceso-1589: Cadetas: 2
[DEBUG] Sat_May__2_22:18:07_2015 Proceso-1589: Pedidos a simular: 1024
[DEBUG] Sat_May__2_22:18:16_2015 Proceso-1589: Creando proceso: Recepcionista[INICIALIZADO]
[DEBUG] Sat_May__2_22:18:16_2015 Proceso-1589: Creando proceso: Recepcionista[INICIALIZADO]
[DEBUG] Sat_May__2_22:18:16_2015 Proceso-1589: Creando proceso: Recepcionista[INICIALIZADO]
[DEBUG] Sat_May__2_22:18:16_2015 Proceso-1589: Creando proceso: Recepcionista[INICIALIZADO]
[DEBUG] Sat_May__2_22:18:16_2015 Proceso-1589: Creando proceso: Recepcionista[INICIALIZADO]
[DEBUG] Sat_May__2_22:18:16_2015 Proceso-1589: Creando proceso: Recepcionista[INICIALIZADO]
[DEBUG] Sat_May__2_22:18:16_2015 Proceso-1589: Creando proceso: Recepcionista[INICIALIZADO]
[DEBUG] Sat_May__2_22:18:16_2015 Proceso-1589: Creando proceso: Recepcionista[INICIALIZADO]
[DEBUG] Sat_May__2_22:18:16_2015 Proceso-1589: Creando proceso: Recepcionista[INICIALIZADO]
[DEBUG] Sat_May__2_22:18:16_2015 Proceso-1589: Creando proceso: Recepcionista[INICIALIZADO]
[DEBUG] Sat_May__2_22:18:29_2015 Proceso-1589: Creando proceso: Cocinera[INICIALIZADO]
[DEBUG] Sat_May__2_22:18:29_2015 Proceso-1589: Creando proceso: Cocinera[INICIALIZADO]
[DEBUG] Sat_May__2_22:18:29_2015 Proceso-1589: Creando proceso: Cocinera[INICIALIZADO]
[DEBUG] Sat_May__2_22:18:31_2015 Proceso-1589: Creando proceso: Cadeta[INICIALIZADO]
[DEBUG] Sat_May__2_22:18:31_2015 Proceso-1589: Creando proceso: Cadeta[INICIALIZADO]
[DEBUG] Sat_May__2_22:19:00_2015 Proceso-1589: Terminando proceso :Recepcionista[INICIALIZADO]
[DEBUG] Sat_May__2_22:19:07_2015 Proceso-1589: Proceso borrado: Recepcionista[INICIALIZADO]
[DEBUG] Sat_May__2_22:19:07_2015 Proceso-1589: Terminando proceso :Recepcionista[INICIALIZADO]
[DEBUG] Sat_May__2_22:19:07_2015 Proceso-1589: Proceso borrado: Recepcionista[INICIALIZADO]
[DEBUG] Sat_May__2_22:19:07_2015 Proceso-1589: Terminando proceso :Recepcionista[INICIALIZADO]
[DEBUG] Sat_May__2_22:19:07_2015 Proceso-1589: Proceso borrado: Recepcionista[INICIALIZADO]
[DEBUG] Sat_May__2_22:19:07_2015 Proceso-1589: Terminando proceso :Recepcionista[INICIALIZADO]
[DEBUG] Sat_May__2_22:19:07_2015 Proceso-1589: Proceso borrado: Recepcionista[INICIALIZADO]
[DEBUG] Sat_May__2_22:19:07_2015 Proceso-1589: Terminando proceso :Recepcionista[INICIALIZADO]
[DEBUG] Sat_May__2_22:19:07_2015 Proceso-1589: Proceso borrado: Recepcionista[INICIALIZADO]
[DEBUG] Sat_May__2_22:19:10_2015 Proceso-1589: Terminando proceso :Cocinera[INICIALIZADO]
[DEBUG] Sat_May__2_22:19:10_2015 Proceso-1589: Proceso borrado: Cocinera[INICIALIZADO]
[DEBUG] Sat_May__2_22:19:10_2015 Proceso-1589: Terminando proceso :Cocinera[INICIALIZADO]
[DEBUG] Sat_May__2_22:19:10_2015 Proceso-1589: Proceso borrado: Cocinera[INICIALIZADO]
[DEBUG] Sat_May__2_22:19:10_2015 Proceso-1589: Terminando proceso :Cadeta[INICIALIZADO]
[DEBUG] Sat_May__2_22:19:10_2015 Proceso-1589: Proceso borrado: Cadeta[INICIALIZADO]
