[DEBUG] Sat_May__2_21:09:55_2015 Proceso-1295: Inicio de ConcuDelivery.
[DEBUG] Sat_May__2_21:09:55_2015 Proceso-1295: Recepcionistas: 10
[DEBUG] Sat_May__2_21:09:55_2015 Proceso-1295: Cocineras: 3
[DEBUG] Sat_May__2_21:09:55_2015 Proceso-1295: Hornos: 6
[DEBUG] Sat_May__2_21:09:55_2015 Proceso-1295: Cadetas: 2
[DEBUG] Sat_May__2_21:09:55_2015 Proceso-1295: Pedidos a simular: 1024
[DEBUG] Sat_May__2_21:10:13_2015 Proceso-1295: PCreando proceso: Recepcionista[1295]
[DEBUG] Sat_May__2_21:10:41_2015 Proceso-1295: PCreando proceso: Recepcionista[1295]
[DEBUG] Sat_May__2_21:10:47_2015 Proceso-1295: PCreando proceso: Recepcionista[1295]
[DEBUG] Sat_May__2_21:10:47_2015 Proceso-1295: PCreando proceso: Recepcionista[1295]
[DEBUG] Sat_May__2_21:10:47_2015 Proceso-1295: PCreando proceso: Recepcionista[1295]
[DEBUG] Sat_May__2_21:10:47_2015 Proceso-1295: PCreando proceso: Recepcionista[1295]
[DEBUG] Sat_May__2_21:10:47_2015 Proceso-1295: PCreando proceso: Recepcionista[1295]
[DEBUG] Sat_May__2_21:10:47_2015 Proceso-1295: PCreando proceso: Recepcionista[1295]
[DEBUG] Sat_May__2_21:10:47_2015 Proceso-1295: PCreando proceso: Recepcionista[1295]
[DEBUG] Sat_May__2_21:10:47_2015 Proceso-1295: PCreando proceso: Recepcionista[1295]
[DEBUG] Sat_May__2_21:10:57_2015 Proceso-1295: PCreando proceso: Cocinera[1295]
[DEBUG] Sat_May__2_21:10:59_2015 Proceso-1295: PCreando proceso: Cocinera[1295]
[DEBUG] Sat_May__2_21:10:59_2015 Proceso-1295: PCreando proceso: Cocinera[1295]
[DEBUG] Sat_May__2_21:11:08_2015 Proceso-1295: PCreando proceso: Cadete[1295]
[DEBUG] Sat_May__2_21:11:08_2015 Proceso-1295: PCreando proceso: Cadete[1295]
