[DEBUG] Sat_May__2_22:14:52_2015 Proceso-1545: Inicio de ConcuDelivery.
[DEBUG] Sat_May__2_22:14:52_2015 Proceso-1545: Recepcionistas: 10
[DEBUG] Sat_May__2_22:14:52_2015 Proceso-1545: Cocineras: 3
[DEBUG] Sat_May__2_22:14:52_2015 Proceso-1545: Hornos: 6
[DEBUG] Sat_May__2_22:14:52_2015 Proceso-1545: Cadetas: 2
[DEBUG] Sat_May__2_22:14:52_2015 Proceso-1545: Pedidos a simular: 1024
[DEBUG] Sat_May__2_22:15:08_2015 Proceso-1545: Creando proceso: Recepcionista[INICIALIZADO]
[DEBUG] Sat_May__2_22:15:19_2015 Proceso-1545: Creando proceso: Recepcionista[INICIALIZADO]
[DEBUG] Sat_May__2_22:15:21_2015 Proceso-1545: Creando proceso: Recepcionista[INICIALIZADO]
[DEBUG] Sat_May__2_22:15:24_2015 Proceso-1545: Creando proceso: Recepcionista[INICIALIZADO]
[DEBUG] Sat_May__2_22:15:31_2015 Proceso-1545: Creando proceso: Recepcionista[INICIALIZADO]
[DEBUG] Sat_May__2_22:15:34_2015 Proceso-1545: Creando proceso: Recepcionista[INICIALIZADO]
[DEBUG] Sat_May__2_22:15:37_2015 Proceso-1545: Creando proceso: Recepcionista[INICIALIZADO]
[DEBUG] Sat_May__2_22:15:45_2015 Proceso-1545: Creando proceso: Recepcionista[INICIALIZADO]
[DEBUG] Sat_May__2_22:15:46_2015 Proceso-1545: Creando proceso: Recepcionista[INICIALIZADO]
[DEBUG] Sat_May__2_22:15:47_2015 Proceso-1545: Creando proceso: Recepcionista[INICIALIZADO]
[DEBUG] Sat_May__2_22:15:55_2015 Proceso-1545: Creando proceso: Cocinera[INICIALIZADO]
[DEBUG] Sat_May__2_22:15:55_2015 Proceso-1545: Creando proceso: Cocinera[INICIALIZADO]
[DEBUG] Sat_May__2_22:15:55_2015 Proceso-1545: Creando proceso: Cocinera[INICIALIZADO]
[DEBUG] Sat_May__2_22:15:57_2015 Proceso-1545: Creando proceso: Cadeta[INICIALIZADO]
[DEBUG] Sat_May__2_22:15:57_2015 Proceso-1545: Creando proceso: Cadeta[INICIALIZADO]
